[17:59:48] [Server thread/INFO]: Starting minecraft server version 1.11.2
[17:59:49] [Server thread/INFO]: Loading properties
[17:59:49] [Server thread/INFO]: Default game type: CREATIVE
[17:59:49] [Server thread/INFO]: This server is running CraftBukkit version git-Spigot-6de2fbc-c1aa859 (MC: 1.11.2) (Implementing API version 1.11.2-R0.1-SNAPSHOT)
[17:59:49] [Server thread/INFO]: Debug logging is disabled
[17:59:49] [Server thread/INFO]: Server Ping Player Sample Count: 12
[17:59:49] [Server thread/INFO]: Using 4 threads for Netty based IO
[17:59:49] [Server thread/INFO]: Generating keypair
[17:59:50] [Server thread/INFO]: Starting Minecraft server on *:25565
[17:59:50] [Server thread/INFO]: Using default channel type
[17:59:50] [Server thread/INFO]: Set PluginClassLoader as parallel capable
[17:59:51] [Server thread/INFO]: [SetSpawn] Loading SetSpawn v2.1
[17:59:51] [Server thread/INFO]: [RaspberryJuice] Loading RaspberryJuice v1.7
[17:59:51] [Server thread/INFO]: **** Beginning UUID conversion, this may take A LONG time ****
[17:59:51] [Server thread/INFO]: Preparing level "world"
[17:59:51] [Server thread/INFO]: -------- World Settings For [world] --------
[17:59:51] [Server thread/INFO]: Item Merge Radius: 2.5
[17:59:51] [Server thread/INFO]: Structure Info Saving: true
[17:59:51] [Server thread/INFO]: Entity Activation Range: An 32 / Mo 32 / Mi 16
[17:59:51] [Server thread/INFO]: Entity Tracking Range: Pl 48 / An 48 / Mo 48 / Mi 32 / Other 64
[17:59:51] [Server thread/INFO]: Cactus Growth Modifier: 100%
[17:59:51] [Server thread/INFO]: Cane Growth Modifier: 100%
[17:59:51] [Server thread/INFO]: Melon Growth Modifier: 100%
[17:59:51] [Server thread/INFO]: Mushroom Growth Modifier: 100%
[17:59:51] [Server thread/INFO]: Pumpkin Growth Modifier: 100%
[17:59:51] [Server thread/INFO]: Sapling Growth Modifier: 100%
[17:59:51] [Server thread/INFO]: Wheat Growth Modifier: 100%
[17:59:51] [Server thread/INFO]: NetherWart Growth Modifier: 100%
[17:59:51] [Server thread/INFO]: Vine Growth Modifier: 100%
[17:59:51] [Server thread/INFO]: Cocoa Growth Modifier: 100%
[17:59:51] [Server thread/INFO]: Hopper Transfer: 8 Hopper Check: 8 Hopper Amount: 1
[17:59:51] [Server thread/INFO]: Mob Spawn Range: 4
[17:59:51] [Server thread/INFO]: Random Lighting Updates: false
[17:59:51] [Server thread/INFO]: Tile Max Tick Time: 50ms Entity max Tick Time: 50ms
[17:59:51] [Server thread/INFO]: Max TNT Explosions: 100
[17:59:51] [Server thread/INFO]: Arrow Despawn Rate: 1200
[17:59:51] [Server thread/INFO]: Allow Zombie Pigmen to spawn from portal blocks: true
[17:59:51] [Server thread/INFO]: Experience Merge Radius: 3.0
[17:59:51] [Server thread/INFO]: Nerfing mobs spawned from spawners: false
[17:59:51] [Server thread/INFO]: Item Despawn Rate: 6000
[17:59:51] [Server thread/INFO]: Custom Map Seeds:  Village: 10387312 Feature: 14357617Monument: 10387313 Slime: 987234911
[17:59:51] [Server thread/INFO]: View Distance: 10
[17:59:51] [Server thread/INFO]: Zombie Aggressive Towards Villager: true
[17:59:53] [Server thread/INFO]: -------- World Settings For [world_nether] --------
[17:59:53] [Server thread/INFO]: Item Merge Radius: 2.5
[17:59:53] [Server thread/INFO]: Structure Info Saving: true
[17:59:53] [Server thread/INFO]: Entity Activation Range: An 32 / Mo 32 / Mi 16
[17:59:53] [Server thread/INFO]: Entity Tracking Range: Pl 48 / An 48 / Mo 48 / Mi 32 / Other 64
[17:59:53] [Server thread/INFO]: Cactus Growth Modifier: 100%
[17:59:53] [Server thread/INFO]: Cane Growth Modifier: 100%
[17:59:53] [Server thread/INFO]: Melon Growth Modifier: 100%
[17:59:53] [Server thread/INFO]: Mushroom Growth Modifier: 100%
[17:59:53] [Server thread/INFO]: Pumpkin Growth Modifier: 100%
[17:59:53] [Server thread/INFO]: Sapling Growth Modifier: 100%
[17:59:53] [Server thread/INFO]: Wheat Growth Modifier: 100%
[17:59:53] [Server thread/INFO]: NetherWart Growth Modifier: 100%
[17:59:53] [Server thread/INFO]: Vine Growth Modifier: 100%
[17:59:53] [Server thread/INFO]: Cocoa Growth Modifier: 100%
[17:59:53] [Server thread/INFO]: Hopper Transfer: 8 Hopper Check: 8 Hopper Amount: 1
[17:59:53] [Server thread/INFO]: Mob Spawn Range: 4
[17:59:53] [Server thread/INFO]: Random Lighting Updates: false
[17:59:53] [Server thread/INFO]: Tile Max Tick Time: 50ms Entity max Tick Time: 50ms
[17:59:53] [Server thread/INFO]: Max TNT Explosions: 100
[17:59:53] [Server thread/INFO]: Arrow Despawn Rate: 1200
[17:59:53] [Server thread/INFO]: Allow Zombie Pigmen to spawn from portal blocks: true
[17:59:53] [Server thread/INFO]: Experience Merge Radius: 3.0
[17:59:53] [Server thread/INFO]: Nerfing mobs spawned from spawners: false
[17:59:53] [Server thread/INFO]: Item Despawn Rate: 6000
[17:59:53] [Server thread/INFO]: Custom Map Seeds:  Village: 10387312 Feature: 14357617Monument: 10387313 Slime: 987234911
[17:59:53] [Server thread/INFO]: View Distance: 10
[17:59:53] [Server thread/INFO]: Zombie Aggressive Towards Villager: true
[17:59:53] [Server thread/INFO]: -------- World Settings For [world_the_end] --------
[17:59:53] [Server thread/INFO]: Item Merge Radius: 2.5
[17:59:53] [Server thread/INFO]: Structure Info Saving: true
[17:59:53] [Server thread/INFO]: Entity Activation Range: An 32 / Mo 32 / Mi 16
[17:59:53] [Server thread/INFO]: Entity Tracking Range: Pl 48 / An 48 / Mo 48 / Mi 32 / Other 64
[17:59:53] [Server thread/INFO]: Cactus Growth Modifier: 100%
[17:59:53] [Server thread/INFO]: Cane Growth Modifier: 100%
[17:59:53] [Server thread/INFO]: Melon Growth Modifier: 100%
[17:59:53] [Server thread/INFO]: Mushroom Growth Modifier: 100%
[17:59:53] [Server thread/INFO]: Pumpkin Growth Modifier: 100%
[17:59:53] [Server thread/INFO]: Sapling Growth Modifier: 100%
[17:59:53] [Server thread/INFO]: Wheat Growth Modifier: 100%
[17:59:53] [Server thread/INFO]: NetherWart Growth Modifier: 100%
[17:59:53] [Server thread/INFO]: Vine Growth Modifier: 100%
[17:59:53] [Server thread/INFO]: Cocoa Growth Modifier: 100%
[17:59:53] [Server thread/INFO]: Hopper Transfer: 8 Hopper Check: 8 Hopper Amount: 1
[17:59:53] [Server thread/INFO]: Mob Spawn Range: 4
[17:59:53] [Server thread/INFO]: Random Lighting Updates: false
[17:59:53] [Server thread/INFO]: Tile Max Tick Time: 50ms Entity max Tick Time: 50ms
[17:59:53] [Server thread/INFO]: Max TNT Explosions: 100
[17:59:53] [Server thread/INFO]: Arrow Despawn Rate: 1200
[17:59:53] [Server thread/INFO]: Allow Zombie Pigmen to spawn from portal blocks: true
[17:59:53] [Server thread/INFO]: Experience Merge Radius: 3.0
[17:59:53] [Server thread/INFO]: Nerfing mobs spawned from spawners: false
[17:59:53] [Server thread/INFO]: Item Despawn Rate: 6000
[17:59:53] [Server thread/INFO]: Custom Map Seeds:  Village: 10387312 Feature: 14357617Monument: 10387313 Slime: 987234911
[17:59:53] [Server thread/INFO]: View Distance: 10
[17:59:53] [Server thread/INFO]: Zombie Aggressive Towards Villager: true
[17:59:53] [Server thread/INFO]: Preparing start region for level 0 (Seed: 2784747056949089330)
[17:59:54] [Server thread/INFO]: Preparing spawn area: 4%
[17:59:55] [Server thread/INFO]: Preparing spawn area: 6%
[17:59:56] [Server thread/INFO]: Preparing spawn area: 11%
[17:59:57] [Server thread/INFO]: Preparing spawn area: 16%
[17:59:59] [Server thread/INFO]: Preparing spawn area: 19%
[18:00:00] [Server thread/INFO]: Preparing spawn area: 25%
[18:00:01] [Server thread/INFO]: Preparing spawn area: 30%
[18:00:02] [Server thread/INFO]: Preparing spawn area: 35%
[18:00:03] [Server thread/INFO]: Preparing spawn area: 41%
[18:00:04] [Server thread/INFO]: Preparing spawn area: 51%
[18:00:05] [Server thread/INFO]: Preparing spawn area: 58%
[18:00:06] [Server thread/INFO]: Preparing spawn area: 65%
[18:00:07] [Server thread/INFO]: Preparing spawn area: 75%
[18:00:08] [Server thread/INFO]: Preparing spawn area: 87%
[18:00:09] [Server thread/INFO]: Preparing start region for level 1 (Seed: 2784747056949089330)
[18:00:10] [Server thread/INFO]: Preparing spawn area: 9%
[18:00:11] [Server thread/INFO]: Preparing spawn area: 24%
[18:00:12] [Server thread/INFO]: Preparing spawn area: 41%
[18:00:13] [Server thread/INFO]: Preparing spawn area: 54%
[18:00:14] [Server thread/INFO]: Preparing spawn area: 67%
[18:00:15] [Server thread/INFO]: Preparing spawn area: 72%
[18:00:16] [Server thread/INFO]: Preparing spawn area: 81%
[18:00:17] [Server thread/INFO]: Preparing spawn area: 87%
[18:00:18] [Server thread/INFO]: Preparing spawn area: 99%
[18:00:18] [Server thread/INFO]: Preparing start region for level 2 (Seed: 2784747056949089330)
[18:00:19] [Server thread/INFO]: Preparing spawn area: 22%
[18:00:20] [Server thread/INFO]: Preparing spawn area: 42%
[18:00:21] [Server thread/INFO]: Preparing spawn area: 64%
[18:00:22] [Server thread/INFO]: Preparing spawn area: 96%
[18:00:22] [Server thread/INFO]: [SetSpawn] Enabling SetSpawn v2.1
[18:00:22] [Server thread/INFO]: [RaspberryJuice] Enabling RaspberryJuice v1.7
[18:00:22] [Server thread/INFO]: [RaspberryJuice] ThreadListener Started
[18:00:22] [Server thread/INFO]: Server permissions file permissions.yml is empty, ignoring it
[18:00:22] [Server thread/INFO]: Done (31.315s)! For help, type "help" or "?"
[18:09:30] [User Authenticator #1/INFO]: UUID of player matthew9510 is b1baf2aa-8031-40c5-a83e-9672e20c8dda
[18:09:31] [Server thread/INFO]: matthew9510[/127.0.0.1:59134] logged in with entity id 2582 at ([world]263.5, 78.0, 140.5)
[18:24:46] [Thread-8/INFO]: [RaspberryJuice] Opened connection to/127.0.0.1:59289.
[18:24:46] [Thread-9/INFO]: [RaspberryJuice] Starting input thread
[18:24:46] [Thread-10/INFO]: [RaspberryJuice] Starting output thread!
[18:24:46] [Server thread/INFO]: [RaspberryJuice] Closed connection to/127.0.0.1:59289.
[18:25:16] [Thread-8/INFO]: [RaspberryJuice] Opened connection to/127.0.0.1:59295.
[18:25:16] [Thread-12/INFO]: [RaspberryJuice] Starting output thread!
[18:25:16] [Thread-11/INFO]: [RaspberryJuice] Starting input thread
[18:25:18] [Server thread/INFO]: [RaspberryJuice] Closed connection to/127.0.0.1:59295.
[18:25:19] [Server thread/WARN]: matthew9510 moved too quickly! 0.0,-10.637271691170596,0.0
[18:25:25] [Server thread/WARN]: matthew9510 moved too quickly! 0.0,-41.41922386155752,0.0
[18:25:40] [Thread-8/INFO]: [RaspberryJuice] Opened connection to/127.0.0.1:59298.
[18:25:40] [Thread-13/INFO]: [RaspberryJuice] Starting input thread
[18:25:40] [Thread-14/INFO]: [RaspberryJuice] Starting output thread!
[18:25:42] [Server thread/INFO]: [RaspberryJuice] Closed connection to/127.0.0.1:59298.
[18:26:05] [Thread-8/INFO]: [RaspberryJuice] Opened connection to/127.0.0.1:59301.
[18:26:06] [Thread-16/INFO]: [RaspberryJuice] Starting output thread!
[18:26:06] [Thread-15/INFO]: [RaspberryJuice] Starting input thread
[18:26:07] [Server thread/INFO]: [RaspberryJuice] Closed connection to/127.0.0.1:59301.
[18:29:42] [Server thread/INFO]: matthew9510 lost connection: Timed out
[18:29:42] [Server thread/INFO]: matthew9510 left the game
[18:31:23] [User Authenticator #2/INFO]: UUID of player matthew9510 is b1baf2aa-8031-40c5-a83e-9672e20c8dda
[18:31:23] [Server thread/INFO]: matthew9510[/127.0.0.1:59356] logged in with entity id 3592 at ([world]98.00091261630999, 35.0, 1.7043245963764253)
[18:31:34] [Thread-8/INFO]: [RaspberryJuice] Opened connection to/127.0.0.1:59359.
[18:31:34] [Thread-18/INFO]: [RaspberryJuice] Starting output thread!
[18:31:34] [Thread-17/INFO]: [RaspberryJuice] Starting input thread
[18:31:34] [Server thread/INFO]: [RaspberryJuice] Closed connection to/127.0.0.1:59359.
[18:31:48] [Thread-8/INFO]: [RaspberryJuice] Opened connection to/127.0.0.1:59366.
[18:31:48] [Thread-19/INFO]: [RaspberryJuice] Starting input thread
[18:31:48] [Thread-20/INFO]: [RaspberryJuice] Starting output thread!
[18:31:48] [Server thread/INFO]: [RaspberryJuice] Closed connection to/127.0.0.1:59366.
[18:32:01] [Thread-8/INFO]: [RaspberryJuice] Opened connection to/127.0.0.1:59368.
[18:32:01] [Thread-22/INFO]: [RaspberryJuice] Starting output thread!
[18:32:01] [Thread-21/INFO]: [RaspberryJuice] Starting input thread
[18:32:01] [Server thread/INFO]: [RaspberryJuice] Closed connection to/127.0.0.1:59368.
[18:32:12] [Thread-8/INFO]: [RaspberryJuice] Opened connection to/127.0.0.1:59370.
[18:32:13] [Thread-23/INFO]: [RaspberryJuice] Starting input thread
[18:32:13] [Thread-24/INFO]: [RaspberryJuice] Starting output thread!
[18:32:13] [Server thread/INFO]: [RaspberryJuice] Closed connection to/127.0.0.1:59370.
[18:32:23] [Thread-8/INFO]: [RaspberryJuice] Opened connection to/127.0.0.1:59372.
[18:32:23] [Thread-26/INFO]: [RaspberryJuice] Starting output thread!
[18:32:23] [Thread-25/INFO]: [RaspberryJuice] Starting input thread
[18:32:23] [Server thread/INFO]: [RaspberryJuice] Closed connection to/127.0.0.1:59372.
